Server took 0:00:00 to complete the request for 'ABBA' 
The response length was 8 bytes 
The response was received on 2019-05-13 17:40:25.079380 


Server took 0:00:00 to complete the request for 'ABBA' 
The response length was 8 bytes 
The response was received on 2019-05-13 18:11:59.940734 


Server took 0:00:00.015622 to complete the request for 'f' 
The response length was 5 bytes 
The response was received on 2019-05-13 18:32:23.066196 


Server took 0:00:00.015471 to complete the request for 'c' 
The response length was 93 bytes 
The response was received on 2019-05-13 20:01:17.080000 


Server took 0:00:00 to complete the request for 'ABBA' 
The response length was 47 bytes 
The response was received on 2019-05-13 20:33:37.873630 


Server took 0:00:00.022828 to complete the request for 'ABBA' 
The response length was 16 bytes 
The response was received on 2019-05-13 20:33:47.484557 


Server took 0:00:00.015430 to complete the request for 'ABBA' 
The response length was 8 bytes 
The response was received on 2019-05-13 20:33:54.181677 


Server took 0:00:00.020285 to complete the request for 'ABBA' 
The response length was 52 bytes 
The response was received on 2019-05-13 20:35:01.285006 


Server took 0:00:00.024298 to complete the request for 'ABBA' 
The response length was 8 bytes 
The response was received on 2019-05-13 20:35:09.424236 


Server took 0:00:00.015434 to complete the request for 'ABBA' 
The response length was 8 bytes 
The response was received on 2019-05-13 20:35:13.281243 


Server took 0:00:00.015427 to complete the request for 'ABBA' 
The response length was 55 bytes 
The response was received on 2019-05-13 20:57:09.437685 


Server took 0:00:00.015439 to complete the request for 'ABBA' 
The response length was 8 bytes 
The response was received on 2019-05-13 20:57:12.935713 


Server took 0:00:00.015451 to complete the request for 'ABBA' 
The response length was 55 bytes 
The response was received on 2019-05-13 21:04:49.487567 


Server took 0:00:00.022104 to complete the request for 'ABBA' 
The response length was 8 bytes 
The response was received on 2019-05-13 21:04:51.840452 


Server took 0:00:00.015658 to complete the request for 'ABBA' 
The response length was 8 bytes 
The response was received on 2019-05-13 21:04:53.781018 


Server took 0:00:00.015462 to complete the request for 'ABBA' 
The response length was 8 bytes 
The response was received on 2019-05-13 21:04:55.453008 


Server took 0:00:00.015429 to complete the request for 's' 
The response length was 5 bytes 
The response was received on 2019-05-13 21:04:56.515994 


Server took 0:00:00.015442 to complete the request for 'ABBA' 
The response length was 52 bytes 
The response was received on 2019-05-13 21:23:57.922100 


Server took 0:00:00 to complete the request for 'ABBA' 
The response length was 8 bytes 
The response was received on 2019-05-13 21:24:01.874856 


Server took 0:00:00.015622 to complete the request for 'ABBAcc' 
The response length was 44 bytes 
The response was received on 2019-05-13 21:24:56.845300 


Server took 0:00:00.018227 to complete the request for 'ABBA' 
The response length was 8 bytes 
The response was received on 2019-05-13 21:39:14.241911 


Server took 0:00:00.017609 to complete the request for 'ABBA' 
The response length was 8 bytes 
The response was received on 2019-05-13 21:39:21.518015 


Server took 0:00:00.019505 to complete the request for 'ABBA' 
The response length was 8 bytes 
The response was received on 2019-05-13 21:39:48.263092 


Server took 0:00:00 to complete the request for 'ABBA' 
The response length was 8 bytes 
The response was received on 2019-05-13 21:40:16.170992 


Server took 0:00:00.012949 to complete the request for 'ABBA' 
The response length was 8 bytes 
The response was received on 2019-05-14 09:00:40.335090 


Server took 0:00:00.015501 to complete the request for 'ABBA' 
The response length was 8 bytes 
The response was received on 2019-05-14 13:43:30.266323 


Server took 0:00:00.015620 to complete the request for 'ABBA' 
The response length was 8 bytes 
The response was received on 2019-05-14 13:57:10.797432 


Server took 0:00:00.015434 to complete the request for 'ABBA' 
The response length was 8 bytes 
The response was received on 2019-05-14 13:57:13.524405 


Server took 0:00:00.024026 to complete the request for 'ABBA' 
The response length was 8 bytes 
The response was received on 2019-05-14 16:28:57.516394 


Server took 0:00:00.012891 to complete the request for 'ABBAclose' 
The response length was 5 bytes 
The response was received on 2019-05-14 16:33:17.261518 


Server took 0:00:00.011966 to complete the request for 'ABBA' 
The response length was 8 bytes 
The response was received on 2019-05-14 18:02:05.348736 


Server took 0:00:00.020924 to complete the request for 'ABBA' 
The response length was 8 bytes 
The response was received on 2019-05-14 18:02:07.290556 


Server took 0:00:00.011970 to complete the request for 'ABBA' 
The response length was 8 bytes 
The response was received on 2019-05-14 18:05:56.177434 


Server took 0:00:00.020154 to complete the request for 'ABBA' 
The response length was 8 bytes 
The response was received on 2019-05-14 20:19:11.842994 


Server took 0:00:00.018965 to complete the request for 'ABBA' 
The response length was 8 bytes 
The response was received on 2019-05-15 10:49:58.723194 


Server took 0:00:00.011970 to complete the request for 'ABBA' 
The response length was 8 bytes 
The response was received on 2019-05-15 10:52:46.331769 


Server took 0:00:00.012161 to complete the request for 'ABBA' 
The response length was 8 bytes 
The response was received on 2019-05-15 10:55:55.632836 


Server took 0:00:00.015627 to complete the request for 'ABBA' 
The response length was 8 bytes 
The response was received on 2019-05-17 12:24:54.159499 


Server took 0:00:00.021944 to complete the request for 'ABBA' 
The response length was 8 bytes 
The response was received on 2019-05-17 13:09:29.580433 


Server took 0:00:00.021928 to complete the request for 'ABBA' 
The response length was 8 bytes 
The response was received on 2019-05-17 13:11:41.806288 


