Server started 2019-05-13 16:37:17.517305 
Client connected at 2019-05-13 16:37:20.993014 
Connection was successful! 
Client was connected for 0:01:08.991861 

Server started 2019-05-13 17:40:14.938169 
Client connected at 2019-05-13 17:40:19.279329 
Connection was successful! 
Client requested songs under the artist name ABBA 
Client was connected for 0:04:04.588907 

Server started 2019-05-13 18:02:23.562485 
Client connected at 2019-05-13 18:02:25.484627 
Connection was successful! 
Client was connected for 0:00:24.274419 

Server started 2019-05-13 18:04:29.826359 
Client connected at 2019-05-13 18:04:31.420826 
Connection was successful! 
Client was connected for 0:00:08.940448 

Server started 2019-05-13 18:11:53.703250 
Client connected at 2019-05-13 18:11:57.166664 
Connection was successful! 
Client requested songs under the artist name ABBA 
Client was connected for 0:00:06.069073 

Server started 2019-05-13 18:32:19.126617 
Client connected at 2019-05-13 18:32:21.441863 
Connection was successful! 
Client requested songs under the artist name f 
Client was connected for 0:11:14.744403 

Server started 2019-05-13 18:43:39.491688 
Server started 2019-05-13 18:45:03.990851 
Client connected at 2019-05-13 18:45:07.054676 
Connection was successful! Server started 2019-05-13 19:52:07.645439 
Client connected at 2019-05-13 19:52:09.827834 
Connection was successful! 
Client requested songs under the artist name  
Client was connected for 0:00:00.022140 

Client connected at 2019-05-13 19:53:41.399414 
Connection was successful! 
Client requested songs under the artist name a 
Client requested songs under the artist name b 
Client was connected for 0:01:52.924002 

Client connected at 2019-05-13 19:56:04.563907 
Connection was successful! 
Client requested songs under the artist name d 
Client requested songs under the artist name d 
Client was connected for 0:00:01.272936 

Client connected at 2019-05-13 19:56:09.868508 
Connection was successful! 
Client requested songs under the artist name  
Client was connected for 0:00:11.934615 

Client connected at 2019-05-13 19:56:22.529860 
Connection was successful! 
Client requested songs under the artist name d 
Client requested songs under the artist name d 
Client was connected for 0:00:01.048786 

Client connected at 2019-05-13 19:58:58.608584 
Connection was successful! 
Client requested songs under the artist name d 
Client requested songs under the artist name d 
Client was connected for 0:00:01.269087 

Client connected at 2019-05-13 20:01:09.860370 
Connection was successful! 
Client requested songs under the artist name c 
Client requested songs under the artist name c 
Client requested songs under the artist name c 
Client was connected for 0:00:17.673294 

Server started 2019-05-13 20:04:07.360931 
Server started 2019-05-13 20:05:18.389487 
Server started 2019-05-13 20:05:27.936501 
Server started 2019-05-13 20:07:54.827806 
Server started 2019-05-13 20:08:44.355365 
Server started 2019-05-13 20:09:26.718657 
Server started 2019-05-13 20:10:08.813426 
Server started 2019-05-13 20:10:27.066850 
Server started 2019-05-13 20:12:11.804817 
Server started 2019-05-13 20:13:52.242347 
Client connected at 2019-05-13 20:16:54.030803 
Connection was successful! 
Client requested songs under the artist name  
Client was connected for 0:00:00 

Server started 2019-05-13 20:17:53.643187 
Server started 2019-05-13 20:18:21.199115 
Server started 2019-05-13 20:18:49.444472 
Server started 2019-05-13 20:19:21.536286 
Server started 2019-05-13 20:19:30.546967 
Server started 2019-05-13 20:20:00.937990 
Client connected at 2019-05-13 20:21:04.060871 
Connection was successful! 
Client requested songs under the artist name b 
Client requested songs under the artist name f 
Client was connected for 0:00:04.688775 

Client connected at 2019-05-13 20:21:20.017926 
Connection was successful! 
Client requested songs under the artist name  
Client was connected for 0:00:00.672766 

Server started 2019-05-13 20:22:27.503761 
Server started 2019-05-13 20:23:01.348241 
Server started 2019-05-13 20:23:10.068922 
Server started 2019-05-13 20:25:15.999718 
Server started 2019-05-13 20:26:10.765951 
Client connected at 2019-05-13 20:26:36.853052 
Connection was successful! 
Client requested songs under the artist name ABBA 
Client requested songs under the artist name  
Client was connected for 0:00:10.809505 

Client connected at 2019-05-13 20:26:52.104945 
Connection was successful! Server started 2019-05-13 20:27:00.425706 
Server started 2019-05-13 20:27:27.174985 
Server started 2019-05-13 20:27:44.165535 
Client connected at 2019-05-13 20:33:21.798165 
Connection was successful! 
Client requested songs under the artist name ABBA 
Client requested songs under the artist name ABBA 
Client requested songs under the artist name ABBA 
Client requested songs under the artist name ABBA 
Client requested songs under the artist name ABBA 
Client requested songs under the artist name  
Client was connected for 0:00:42.371714 

Server started 2019-05-13 20:34:14.736068 
Client connected at 2019-05-13 20:34:47.565665 
Connection was successful! 
Client requested songs under the artist name G 
Client requested songs under the artist name G 
Client requested songs under the artist name ABBA 
Client requested songs under the artist name ABBA 
Client requested songs under the artist name ABBA 
Client was connected for 0:00:28.387969 

Server started 2019-05-13 20:36:10.104029 
Server started 2019-05-13 20:37:50.797081 
Server started 2019-05-13 20:38:30.140393 
Server started 2019-05-13 20:39:52.423363 
Server started 2019-05-13 20:40:10.781768 
Server started 2019-05-13 20:40:55.643847 
Server started 2019-05-13 20:41:10.071690 
Server started 2019-05-13 20:42:35.688340 
Server started 2019-05-13 20:43:27.531533 
Server started 2019-05-13 20:44:55.812510 
Server started 2019-05-13 20:46:09.266823 
Server started 2019-05-13 20:48:07.649637 
Server started 2019-05-13 20:50:08.627339 
Server started 2019-05-13 20:55:36.254070 
Server started 2019-05-13 20:56:26.603621 
Client connected at 2019-05-13 20:56:48.093888 
Connection was successful! 
Client requested songs under the artist name ABBA 
Client requested songs under the artist name ABBA 
Client requested songs under the artist name ABBA 
Client requested songs under the artist name ABBA 
Client requested songs under the artist name  
Client was connected for 0:00:29.780928 

Server started 2019-05-13 20:57:22.859540 
Server started 2019-05-13 20:59:16.701339 
Server started 2019-05-13 21:01:10.022557 
Server started 2019-05-13 21:04:14.704471 
Client connected at 2019-05-13 21:04:42.043244 
Connection was successful! 
Client requested songs under the artist name ABBA 
Client requested songs under the artist name ABBA 
Client requested songs under the artist name ABBA 
Client requested songs under the artist name ABBA 
Client requested songs under the artist name ABBA 
Client requested songs under the artist name ABBA 
Client requested songs under the artist name s 
Client was connected for 0:00:19.848694 

Server started 2019-05-13 21:05:42.126501 
Server started 2019-05-13 21:06:33.124343 
Server started 2019-05-13 21:11:13.606254 
Server started 2019-05-13 21:18:32.665645 
Server started 2019-05-13 21:19:16.202821 
Server started 2019-05-13 21:20:02.344493 
Server started 2019-05-13 21:21:05.732459 
Server started 2019-05-13 21:22:21.579670 
Client connected at 2019-05-13 21:23:33.713531 
Connection was successful! 
Client requested songs under the artist name bg85lk 
Client requested songs under the artist name twat 
Client requested songs under the artist name ABBA 
Client requested songs under the artist name ABBA 
Client was connected for 0:00:33.833874 

Server started 2019-05-13 21:24:31.437940 
Client connected at 2019-05-13 21:24:51.202954 
Connection was successful! 
Client requested songs under the artist name ABBAc 
Client requested songs under the artist name ABBAcc 
Client requested songs under the artist name ABBAcc 
Client was connected for 0:00:06.531509 

Client connected at 2019-05-13 21:25:00.407290 
Connection was successful! 
Client requested songs under the artist name  
Client was connected for 0:00:01.166610 

Server started 2019-05-13 21:30:57.656509 
Server started 2019-05-13 21:32:27.054027 
Server started 2019-05-13 21:33:00.174535 
Client connected at 2019-05-13 21:34:30.940891 
Connection was successful! 
Client requested songs under the artist name  
Client was connected for 0:00:01.248498 

Server started 2019-05-13 21:39:02.664629 
Client connected at 2019-05-13 21:39:12.285970 
Connection was successful! 
Client requested songs under the artist name ABBA 
Client requested songs under the artist name ABBA 
Client requested songs under the artist name ABBA 
Client was connected for 0:00:37.364477 

Server started 2019-05-13 21:39:54.588822 
Client connected at 2019-05-13 21:40:12.970888 
Connection was successful! 
Client requested songs under the artist name ABBA 
Client requested songs under the artist name  
Client was connected for 0:00:07.419684 

Server started 2019-05-13 22:00:34.441955 
Server started 2019-05-14 08:59:07.392682 
Server started 2019-05-14 08:59:12.950691 
Server started 2019-05-14 08:59:47.596417 
Server started 2019-05-14 09:00:29.858289 
Client connected at 2019-05-14 09:00:37.541130 
Connection was successful! 
Client requested songs under the artist name ABBA 
Client was connected for 0:00:10.422604 

Server started 2019-05-14 10:57:16.723601 
Server started 2019-05-14 10:59:51.113835 
Server started 2019-05-14 11:01:44.621318 
Server started 2019-05-14 11:02:07.745547 
Server started 2019-05-14 11:02:27.963267 
Server started 2019-05-14 11:03:42.105967 
Server started 2019-05-14 11:04:23.887872 
Server started 2019-05-14 11:04:55.347531 
Server started 2019-05-14 11:06:31.778039 
Server started 2019-05-14 11:06:54.301042 
Server started 2019-05-14 11:12:23.458290 
Server started 2019-05-14 11:13:10.889192 
Server started 2019-05-14 11:16:31.020305 
Server started 2019-05-14 11:17:40.325426 
Server started 2019-05-14 11:19:44.772951 
Server started 2019-05-14 11:30:26.997735 
Server started 2019-05-14 11:32:59.679254 
Server started 2019-05-14 11:34:25.089749 
Server started 2019-05-14 11:38:11.496837 
Server started 2019-05-14 11:44:00.581515 
Server started 2019-05-14 11:44:48.744190 
Client connected at 2019-05-14 11:44:55.264076 
Connection was successful! 
Client requested songs under the artist name  
Client was connected for 0:00:02.465182 

Server started 2019-05-14 11:55:04.469339 
Server started 2019-05-14 11:55:38.952717 
Server started 2019-05-14 13:38:23.896731 
Server started 2019-05-14 13:40:35.339618 
Server started 2019-05-14 13:41:58.618708 
Server started 2019-05-14 13:42:13.469109 
Server started 2019-05-14 13:43:07.025723 
Client connected at 2019-05-14 13:43:28.036099 
Connection was successful! 
Client requested songs under the artist name ABBA 
Client was connected for 0:00:04.240724 

Server started 2019-05-14 13:56:43.057959 
Client connected at 2019-05-14 13:57:07.394790 
Connection was successful! 
Client requested songs under the artist name ABBA 
Client requested songs under the artist name ABBA 
Client was connected for 0:00:07.826229 

Server started 2019-05-14 15:16:21.156747 
Server started 2019-05-14 15:20:51.783603 
Server started 2019-05-14 15:21:07.371839 
Server started 2019-05-14 15:51:49.356324 
Server started 2019-05-14 15:53:50.891028 
Server started 2019-05-14 15:54:11.011050 
Server started 2019-05-14 15:55:33.489312 
Server started 2019-05-14 16:02:45.300098 
Server started 2019-05-14 16:03:39.347303 
Server started 2019-05-14 16:04:03.647643 
Server started 2019-05-14 16:12:07.636822 
Server started 2019-05-14 16:15:28.646393 
Server started 2019-05-14 16:18:22.162747 
Server started 2019-05-14 16:20:23.301459 
Server started 2019-05-14 16:20:56.437432 
Server started 2019-05-14 16:23:19.647076 
Server started 2019-05-14 16:24:31.046919 
Server started 2019-05-14 16:26:26.790858 
Server started 2019-05-14 16:28:37.274062 
Client connected at 2019-05-14 16:28:44.945246 
Connection was successful! 
Client requested songs under the artist name ABBA 
Client was connected for 0:00:16.429807 

Server started 2019-05-14 16:29:17.435263 
Server started 2019-05-14 16:31:45.390867 
Server started 2019-05-14 16:32:44.389867 
Client connected at 2019-05-14 16:32:57.845653 
Connection was successful! 
Client requested songs under the artist name ABBAclose 
Client was connected for 0:00:20.638826 

Server started 2019-05-14 16:34:44.081014 
Server started 2019-05-14 17:55:41.981666 
Client connected at 2019-05-14 17:56:55.467245 
Connection was successful! 
Client requested songs under the artist name bg85lk 
Client requested songs under the artist name tree 
Client was connected for 0:00:09.237095 

Server started 2019-05-14 17:57:10.158674 
Server started 2019-05-14 18:00:24.444540 
Server started 2019-05-14 18:01:04.800423 
Client connected at 2019-05-14 18:02:00.397342 
Connection was successful! 
Client requested songs under the artist name ABBA 
Client requested songs under the artist name ABBA 
Client was connected for 0:00:10.097741 

Server started 2019-05-14 18:02:16.635889 
Server started 2019-05-14 18:03:49.927163 
Server started 2019-05-14 18:05:30.363810 
Client connected at 2019-05-14 18:05:53.762546 
Connection was successful! 
Client requested songs under the artist name ABBA 
Client was connected for 0:00:04.832467 

Server started 2019-05-14 18:39:53.605843 
Server started 2019-05-14 18:41:50.151228 
Server started 2019-05-14 18:43:44.658315 
Server started 2019-05-14 18:43:57.028769 
Server started 2019-05-14 18:44:47.679782 
Server started 2019-05-14 18:45:35.614165 
Server started 2019-05-14 20:18:20.930445 
Server started 2019-05-14 20:18:50.491024 
Client connected at 2019-05-14 20:19:06.224217 
Connection was successful! 
Client requested songs under the artist name ABBA 
Client was connected for 0:00:11.740223 

Server started 2019-05-15 10:47:39.750539 
Server started 2019-05-15 10:49:01.506543 
Client connected at 2019-05-15 10:49:53.434283 
Connection was successful! 
Client requested songs under the artist name ABBA 
Client was connected for 0:00:10.217378 

Server started 2019-05-15 10:52:03.249532 
Client connected at 2019-05-15 10:52:38.184476 
Connection was successful! 
Client requested songs under the artist name ABBA 
Client was connected for 0:00:12.932638 

Server started 2019-05-15 10:54:13.919812 
Server started 2019-05-15 10:54:52.352569 
Client connected at 2019-05-15 10:55:47.045272 
Connection was successful! 
Client requested songs under the artist name ABBA 
Client was connected for 0:00:13.404297 

Server started 2019-05-16 18:35:05.489757 
Server started 2019-05-16 18:39:51.966874 
Server started 2019-05-17 10:34:49.208551 
Server started 2019-05-17 10:38:53.179302 
Server started 2019-05-17 10:40:32.553376 
Server started 2019-05-17 10:41:16.987085 
Server started 2019-05-17 10:44:33.031670 
Server started 2019-05-17 10:45:18.385776 
Server started 2019-05-17 10:45:29.380275 
Server started 2019-05-17 10:46:25.314878 
Server started 2019-05-17 10:46:54.922081 
Server started 2019-05-17 10:47:10.530128 
Server started 2019-05-17 10:48:23.017108 
Server started 2019-05-17 10:50:19.603534 
Server started 2019-05-17 10:50:57.875096 
Server started 2019-05-17 10:51:13.209857 
Server started 2019-05-17 10:51:35.442417 
Client connected at 2019-05-17 10:52:39.180913 
Connection was successful! 
Client was connected for 0:00:08.789400 

Server started 2019-05-17 10:53:49.948543 
Server started 2019-05-17 10:56:33.592828 
Server started 2019-05-17 10:56:58.648580 
Server started 2019-05-17 10:57:59.851795 
Server started 2019-05-17 10:58:14.115491 
Server started 2019-05-17 10:58:50.065004 
Server started 2019-05-17 10:59:57.707910 
Server started 2019-05-17 11:00:50.384529 
Server started 2019-05-17 11:01:20.568568 
Server started 2019-05-17 11:07:03.991215 
Server started 2019-05-17 11:07:26.640067 
Server started 2019-05-17 11:08:51.986045 
Server started 2019-05-17 11:19:20.875072 
Server started 2019-05-17 11:23:45.212332 
Server started 2019-05-17 11:23:55.757976 
Server started 2019-05-17 11:26:37.907333 
Server started 2019-05-17 12:15:00.211226 
Server started 2019-05-17 12:15:56.213389 
Server started 2019-05-17 12:16:32.573928 
Server started 2019-05-17 12:18:06.218198 
Server started 2019-05-17 12:18:15.236625 
Server started 2019-05-17 12:19:16.551274 
Server started 2019-05-17 12:19:56.307705 
Server started 2019-05-17 12:22:29.280988 
Server started 2019-05-17 12:23:39.408097 
Server started 2019-05-17 12:24:30.852522 
Client connected at 2019-05-17 12:24:47.544623 
Connection was successful! 
Client requested songs under the artist name ABBA 
Client was connected for 0:00:08.296491 

Server started 2019-05-17 12:49:14.685988 
Server started 2019-05-17 13:08:49.408754 
Client connected at 2019-05-17 13:09:23.702997 
Connection was successful! 
Client requested songs under the artist name ABBA 
Client was connected for 0:00:10.403348 

Server started 2019-05-17 13:10:53.194571 
Client connected at 2019-05-17 13:11:37.964357 
Connection was successful! 
Client requested songs under the artist name ABBA 
Client was connected for 0:00:07.099554 

Server started 2019-05-17 14:16:52.470147 
